TN:
SF:/Users/adrianmiranda/Sites/github/describe-type/index.js
FNF:0
FNH:0
DA:1,8
LF:1
LH:1
BRF:0
BRH:0
end_of_record
TN:
SF:/Users/adrianmiranda/Sites/github/describe-type/lib/as.js
FN:5,as
FNF:1
FNH:1
FNDA:12,as
DA:1,8
DA:2,8
DA:3,8
DA:5,8
DA:6,12
DA:7,12
DA:8,12
DA:9,5
DA:11,12
LF:9
LH:9
BRDA:7,0,0,1
BRDA:7,0,1,11
BRDA:8,1,0,5
BRDA:8,1,1,7
BRDA:8,2,0,12
BRDA:8,2,1,6
BRDA:11,3,0,8
BRDA:11,3,1,4
BRF:8
BRH:8
end_of_record
TN:
SF:/Users/adrianmiranda/Sites/github/describe-type/lib/constructor-name-of.js
FN:3,constructorNameOf
FNF:1
FNH:1
FNDA:79,constructorNameOf
DA:1,8
DA:3,8
DA:4,79
DA:5,79
LF:4
LH:4
BRDA:5,0,0,79
BRDA:5,0,1,16
BRDA:5,0,2,65
BRF:3
BRH:3
end_of_record
TN:
SF:/Users/adrianmiranda/Sites/github/describe-type/lib/constructor-of.js
FN:1,constructorOf
FNF:1
FNH:1
FNDA:76,constructorOf
DA:1,8
DA:2,76
DA:3,7
DA:5,69
LF:4
LH:4
BRDA:2,0,0,7
BRDA:2,0,1,69
BRDA:2,1,0,76
BRDA:2,1,1,72
BRDA:5,2,0,69
BRDA:5,2,1,1
BRF:6
BRH:6
end_of_record
TN:
SF:/Users/adrianmiranda/Sites/github/describe-type/lib/index.js
FNF:0
FNH:0
DA:1,8
DA:2,8
DA:3,8
DA:4,8
DA:5,8
DA:6,8
DA:7,8
DA:8,8
LF:8
LH:8
BRF:0
BRH:0
end_of_record
TN:
SF:/Users/adrianmiranda/Sites/github/describe-type/lib/is.buffer.js
FN:3,isBuffer
FNF:1
FNH:1
FNDA:25,isBuffer
DA:1,8
DA:3,8
DA:4,25
DA:5,25
DA:7,0
LF:5
LH:4
BRF:0
BRH:0
end_of_record
TN:
SF:/Users/adrianmiranda/Sites/github/describe-type/lib/is.js
FN:6,is
FN:12,isnt
FN:16,isntBuffer
FNF:3
FNH:3
FNDA:85,is
FNDA:38,isnt
FNDA:3,isntBuffer
DA:2,8
DA:3,8
DA:4,8
DA:7,85
DA:12,8
DA:13,38
DA:16,8
DA:17,3
DA:20,8
DA:21,8
DA:22,8
DA:23,8
LF:12
LH:12
BRDA:9,0,0,5
BRDA:9,0,1,80
BRF:2
BRH:2
end_of_record
TN:
SF:/Users/adrianmiranda/Sites/github/describe-type/lib/name.js
FN:6,name
FNF:1
FNH:1
FNDA:194,name
DA:1,8
DA:2,8
DA:4,8
DA:6,8
DA:7,194
DA:8,194
DA:9,13
DA:11,181
LF:8
LH:8
BRDA:8,0,0,13
BRDA:8,0,1,181
BRDA:8,1,0,194
BRDA:8,1,1,189
BRDA:8,1,2,185
BRDA:11,2,0,181
BRDA:11,2,1,102
BRDA:11,3,0,67
BRDA:11,3,1,35
BRDA:11,4,0,102
BRDA:11,4,1,78
BRF:11
BRH:11
end_of_record
TN:
SF:/Users/adrianmiranda/Sites/github/describe-type/lib/of.js
FN:3,typeOf
FNF:1
FNH:1
FNDA:413,typeOf
DA:1,8
DA:3,8
DA:4,413
DA:5,413
DA:6,413
DA:7,413
LF:6
LH:6
BRDA:5,0,0,413
BRDA:5,0,1,19
BRDA:6,1,0,413
BRDA:6,1,1,9
BRDA:6,1,2,7
BRDA:7,2,0,413
BRDA:7,2,1,395
BRDA:7,2,2,388
BRF:8
BRH:8
end_of_record
TN:
SF:/Users/adrianmiranda/Sites/github/describe-type/lib/stringify.js
FN:3,stringify
FNF:1
FNH:1
FNDA:4,stringify
DA:1,8
DA:3,8
DA:4,4
DA:5,2
DA:7,2
LF:5
LH:5
BRDA:4,0,0,2
BRDA:4,0,1,2
BRDA:4,1,0,4
BRDA:4,1,1,3
BRF:4
BRH:4
end_of_record
TN:
SF:/Users/adrianmiranda/Sites/github/describe-type/lib/typify.js
FN:3,typify
FN:5,typeMap
FNF:2
FNH:2
FNDA:183,typify
FNDA:65,typeMap
DA:1,8
DA:3,8
DA:4,183
DA:5,20
DA:6,65
DA:9,163
LF:6
LH:6
BRDA:4,0,0,20
BRDA:4,0,1,163
BRDA:4,1,0,183
BRDA:4,1,1,22
BRF:4
BRH:4
end_of_record
